<?xml version="1.0" encoding="UTF-8"?>
<!-- Generated by org.testng.reporters.JUnitReportReporter -->
<testsuite skipped="0" hostname="DESKTOP-7M3VN73" name="test.day2" tests="1" failures="0" timestamp="17 May 2019 14:19:38 GMT" time="0.004" errors="0">
  <testcase name="prerequiste" time="0.004" classname="test.day2"/>
</testsuite> <!-- test.day2 -->
