<?xml version="1.0" encoding="UTF-8"?>
<!-- Generated by org.testng.reporters.JUnitReportReporter -->
<testsuite skipped="0" hostname="DESKTOP-7M3VN73" name="test.Annot2" tests="1" failures="0" timestamp="17 May 2019 14:07:06 GMT" time="5.280" errors="0">
  <testcase name="login" time="5.280" classname="test.Annot2"/>
</testsuite> <!-- test.Annot2 -->
