<?xml version="1.0" encoding="UTF-8"?>
<!-- Generated by org.testng.reporters.JUnitReportReporter -->
<testsuite skipped="0" hostname="DESKTOP-7M3VN73" name="test.TestBase" tests="1" failures="0" timestamp="17 May 2019 14:19:13 GMT" time="4.384" errors="0">
  <testcase name="login" time="4.384" classname="test.TestBase"/>
</testsuite> <!-- test.TestBase -->
